2020-01-08 12:46:16,558 INFO c.e.d.BackEndBetStatApplication [main] Prova
2020-01-08 12:46:17,206 INFO c.e.d.BackEndBetStatApplication [main] Starting BackEndBetStatApplication on PC-Carlucci-Altanet with PID 11824 (C:\Users\nicol\OneDrive\Desktop\workspaces\BetStat\BackEndBetStat\target\classes started by Nicola in C:\Users\nicol\OneDrive\Desktop\workspaces\BetStat\BackEndBetStat)
2020-01-08 12:46:17,207 INFO c.e.d.BackEndBetStatApplication [main] No active profile set, falling back to default profiles: default
2020-01-08 12:46:21,784 INFO c.e.d.BackEndBetStatApplication [main] Started BackEndBetStatApplication in 5.075 seconds (JVM running for 9.499)
2020-01-08 12:46:28,463 INFO c.e.d.BackEndBetStatApplication [main] Prova
2020-01-08 12:46:28,722 INFO c.e.d.BackEndBetStatApplication [main] Starting BackEndBetStatApplication on PC-Carlucci-Altanet with PID 9044 (C:\Users\nicol\OneDrive\Desktop\workspaces\BetStat\BackEndBetStat\target\classes started by Nicola in C:\Users\nicol\OneDrive\Desktop\workspaces\BetStat\BackEndBetStat)
2020-01-08 12:46:28,723 INFO c.e.d.BackEndBetStatApplication [main] No active profile set, falling back to default profiles: default
2020-01-08 12:46:29,034 INFO c.e.d.BackEndBetStatApplication [main] Started BackEndBetStatApplication in 0.52 seconds (JVM running for 3.658)
2020-01-08 12:46:44,895 INFO c.e.d.BackEndBetStatApplication [main] Prova
2020-01-08 12:46:45,168 INFO c.e.d.BackEndBetStatApplication [main] Starting BackEndBetStatApplication on PC-Carlucci-Altanet with PID 27508 (C:\Users\nicol\OneDrive\Desktop\workspaces\BetStat\BackEndBetStat\target\classes started by Nicola in C:\Users\nicol\OneDrive\Desktop\workspaces\BetStat\BackEndBetStat)
2020-01-08 12:46:45,169 INFO c.e.d.BackEndBetStatApplication [main] No active profile set, falling back to default profiles: default
2020-01-08 12:46:45,528 INFO c.e.d.BackEndBetStatApplication [main] Started BackEndBetStatApplication in 0.583 seconds (JVM running for 4.86)
2020-01-08 12:46:46,349 INFO c.e.d.BackEndBetStatApplication [main] Prova
2020-01-08 12:46:46,755 INFO c.e.d.BackEndBetStatApplication [main] Starting BackEndBetStatApplication on PC-Carlucci-Altanet with PID 36760 (C:\Users\nicol\OneDrive\Desktop\workspaces\BetStat\BackEndBetStat\target\classes started by Nicola in C:\Users\nicol\OneDrive\Desktop\workspaces\BetStat\BackEndBetStat)
2020-01-08 12:46:46,756 INFO c.e.d.BackEndBetStatApplication [main] No active profile set, falling back to default profiles: default
2020-01-08 12:46:47,229 INFO c.e.d.BackEndBetStatApplication [main] Started BackEndBetStatApplication in 0.804 seconds (JVM running for 4.561)
2020-01-08 12:47:00,658 INFO c.e.d.BackEndBetStatApplication [main] Prova
2020-01-08 12:47:00,910 INFO c.e.d.BackEndBetStatApplication [main] Starting BackEndBetStatApplication on PC-Carlucci-Altanet with PID 33972 (C:\Users\nicol\OneDrive\Desktop\workspaces\BetStat\BackEndBetStat\target\classes started by Nicola in C:\Users\nicol\OneDrive\Desktop\workspaces\BetStat\BackEndBetStat)
2020-01-08 12:47:00,910 INFO c.e.d.BackEndBetStatApplication [main] No active profile set, falling back to default profiles: default
2020-01-08 12:47:01,219 INFO c.e.d.BackEndBetStatApplication [main] Started BackEndBetStatApplication in 0.513 seconds (JVM running for 3.628)
2020-01-08 12:47:07,894 INFO c.e.d.BackEndBetStatApplication [main] Prova
2020-01-08 12:47:08,144 INFO c.e.d.BackEndBetStatApplication [main] Starting BackEndBetStatApplication on PC-Carlucci-Altanet with PID 15844 (C:\Users\nicol\OneDrive\Desktop\workspaces\BetStat\BackEndBetStat\target\classes started by Nicola in C:\Users\nicol\OneDrive\Desktop\workspaces\BetStat\BackEndBetStat)
2020-01-08 12:47:08,145 INFO c.e.d.BackEndBetStatApplication [main] No active profile set, falling back to default profiles: default
2020-01-08 12:47:08,456 INFO c.e.d.BackEndBetStatApplication [main] Started BackEndBetStatApplication in 0.513 seconds (JVM running for 3.631)
2020-01-08 12:49:31,636 INFO c.e.d.BackEndBetStatApplication [main] Prova
2020-01-08 12:49:31,933 INFO c.e.d.BackEndBetStatApplication [main] Starting BackEndBetStatApplication on PC-Carlucci-Altanet with PID 7132 (C:\Users\nicol\OneDrive\Desktop\workspaces\BetStat\BackEndBetStat\target\classes started by Nicola in C:\Users\nicol\OneDrive\Desktop\workspaces\BetStat\BackEndBetStat)
2020-01-08 12:49:31,933 INFO c.e.d.BackEndBetStatApplication [main] No active profile set, falling back to default profiles: default
2020-01-08 12:49:32,324 INFO c.e.d.BackEndBetStatApplication [main] Started BackEndBetStatApplication in 0.627 seconds (JVM running for 4.358)
2020-01-08 12:49:49,790 INFO c.e.d.BackEndBetStatApplication [main] Prova
2020-01-08 12:49:50,045 INFO c.e.d.BackEndBetStatApplication [main] Starting BackEndBetStatApplication on PC-Carlucci-Altanet with PID 17516 (C:\Users\nicol\OneDrive\Desktop\workspaces\BetStat\BackEndBetStat\target\classes started by Nicola in C:\Users\nicol\OneDrive\Desktop\workspaces\BetStat\BackEndBetStat)
2020-01-08 12:49:50,045 INFO c.e.d.BackEndBetStatApplication [main] No active profile set, falling back to default profiles: default
2020-01-08 12:49:50,342 INFO c.e.d.BackEndBetStatApplication [main] Started BackEndBetStatApplication in 0.504 seconds (JVM running for 3.547)
2020-01-08 12:50:05,165 INFO o.s.b.a.SpringApplicationAdminMXBeanRegistrar$SpringApplicationAdmin [RMI TCP Connection(2)-127.0.0.1] Application shutdown requested.
2020-01-08 12:50:16,629 INFO c.e.d.BackEndBetStatApplication [main] Prova
2020-01-08 12:50:16,916 INFO c.e.d.BackEndBetStatApplication [main] Starting BackEndBetStatApplication on PC-Carlucci-Altanet with PID 21388 (C:\Users\nicol\OneDrive\Desktop\workspaces\BetStat\BackEndBetStat\target\classes started by Nicola in C:\Users\nicol\OneDrive\Desktop\workspaces\BetStat\BackEndBetStat)
2020-01-08 12:50:16,916 INFO c.e.d.BackEndBetStatApplication [main] No active profile set, falling back to default profiles: default
2020-01-08 12:50:17,295 INFO c.e.d.BackEndBetStatApplication [main] Started BackEndBetStatApplication in 0.613 seconds (JVM running for 3.926)
2020-01-08 13:22:51,817 INFO c.e.d.BackEndBetStatApplication [main] Prova
2020-01-08 13:22:52,100 INFO c.e.d.BackEndBetStatApplication [main] Starting BackEndBetStatApplication on PC-Carlucci-Altanet with PID 6860 (C:\Users\nicol\OneDrive\Desktop\workspaces\BetStat\BackEndBetStat\target\classes started by Nicola in C:\Users\nicol\OneDrive\Desktop\workspaces\BetStat\BackEndBetStat)
2020-01-08 13:22:52,101 INFO c.e.d.BackEndBetStatApplication [main] No active profile set, falling back to default profiles: default
2020-01-08 13:22:52,449 INFO c.e.d.BackEndBetStatApplication [main] Started BackEndBetStatApplication in 0.579 seconds (JVM running for 4.165)
2020-01-08 13:23:26,092 INFO c.e.d.BackEndBetStatApplication [main] Prova
2020-01-08 13:23:26,438 INFO c.e.d.BackEndBetStatApplication [main] Starting BackEndBetStatApplication on PC-Carlucci-Altanet with PID 28848 (C:\Users\nicol\OneDrive\Desktop\workspaces\BetStat\BackEndBetStat\target\classes started by Nicola in C:\Users\nicol\OneDrive\Desktop\workspaces\BetStat\BackEndBetStat)
2020-01-08 13:23:26,439 INFO c.e.d.BackEndBetStatApplication [main] No active profile set, falling back to default profiles: default
2020-01-08 13:23:26,873 INFO c.e.d.BackEndBetStatApplication [main] Started BackEndBetStatApplication in 0.714 seconds (JVM running for 4.967)
2020-01-08 13:25:34,171 INFO o.s.b.a.SpringApplicationAdminMXBeanRegistrar$SpringApplicationAdmin [RMI TCP Connection(2)-127.0.0.1] Application shutdown requested.
2020-01-08 13:26:40,053 INFO c.e.d.BackEndBetStatApplication [main] Prova
2020-01-08 13:26:40,361 INFO c.e.d.BackEndBetStatApplication [main] Starting BackEndBetStatApplication on PC-Carlucci-Altanet with PID 19164 (C:\Users\nicol\OneDrive\Desktop\workspaces\BetStat\BackEndBetStat\target\classes started by Nicola in C:\Users\nicol\OneDrive\Desktop\workspaces\BetStat\BackEndBetStat)
2020-01-08 13:26:40,362 INFO c.e.d.BackEndBetStatApplication [main] No active profile set, falling back to default profiles: default
2020-01-08 13:26:40,754 INFO c.e.d.BackEndBetStatApplication [main] Started BackEndBetStatApplication in 0.641 seconds (JVM running for 4.299)
2020-01-08 13:29:45,846 INFO c.e.d.BackEndBetStatApplication [main] Prova
2020-01-08 13:29:46,158 INFO c.e.d.BackEndBetStatApplication [main] Starting BackEndBetStatApplication on PC-Carlucci-Altanet with PID 26664 (C:\Users\nicol\OneDrive\Desktop\workspaces\BetStat\BackEndBetStat\target\classes started by Nicola in C:\Users\nicol\OneDrive\Desktop\workspaces\BetStat\BackEndBetStat)
2020-01-08 13:29:46,159 INFO c.e.d.BackEndBetStatApplication [main] No active profile set, falling back to default profiles: default
2020-01-08 13:29:46,543 INFO c.e.d.BackEndBetStatApplication [main] Started BackEndBetStatApplication in 0.64 seconds (JVM running for 3.97)
2020-01-08 13:30:21,960 INFO c.e.d.BackEndBetStatApplication [main] Prova
2020-01-08 13:30:22,275 INFO c.e.d.BackEndBetStatApplication [main] Starting BackEndBetStatApplication on PC-Carlucci-Altanet with PID 16120 (C:\Users\nicol\OneDrive\Desktop\workspaces\BetStat\BackEndBetStat\target\classes started by Nicola in C:\Users\nicol\OneDrive\Desktop\workspaces\BetStat\BackEndBetStat)
2020-01-08 13:30:22,276 INFO c.e.d.BackEndBetStatApplication [main] No active profile set, falling back to default profiles: default
2020-01-08 13:30:22,676 INFO c.e.d.BackEndBetStatApplication [main] Started BackEndBetStatApplication in 0.652 seconds (JVM running for 4.047)
2020-01-08 13:31:11,891 INFO c.e.d.BackEndBetStatApplication [main] Prova
2020-01-08 13:31:12,198 INFO c.e.d.BackEndBetStatApplication [main] Starting BackEndBetStatApplication on PC-Carlucci-Altanet with PID 19800 (C:\Users\nicol\OneDrive\Desktop\workspaces\BetStat\BackEndBetStat\target\classes started by Nicola in C:\Users\nicol\OneDrive\Desktop\workspaces\BetStat\BackEndBetStat)
2020-01-08 13:31:12,199 INFO c.e.d.BackEndBetStatApplication [main] No active profile set, falling back to default profiles: default
2020-01-08 13:31:12,585 INFO c.e.d.BackEndBetStatApplication [main] Started BackEndBetStatApplication in 0.636 seconds (JVM running for 3.967)
2020-01-08 15:49:53,229 INFO c.b.b.BackEndBetStatApplication [main] Prova
2020-01-08 15:49:53,505 INFO c.b.b.BackEndBetStatApplication [main] Starting BackEndBetStatApplication on PC-Carlucci-Altanet with PID 34392 (C:\Users\nicol\OneDrive\Desktop\workspaces\BetStat\BackEndBetStat\target\classes started by Nicola in C:\Users\nicol\OneDrive\Desktop\workspaces\BetStat\BackEndBetStat)
2020-01-08 15:49:53,506 INFO c.b.b.BackEndBetStatApplication [main] No active profile set, falling back to default profiles: default
2020-01-08 15:49:53,769 INFO o.s.b.f.a.AutowiredAnnotationBeanPostProcessor [main] Autowired annotation is not supported on static fields: private static java.lang.String com.betstat.backend.BackEndBetStatApplication.name
2020-01-08 15:49:53,769 INFO o.s.b.f.a.AutowiredAnnotationBeanPostProcessor [main] Autowired annotation is not supported on static fields: private static java.lang.String com.betstat.backend.BackEndBetStatApplication.name
2020-01-08 15:49:53,820 INFO c.b.b.BackEndBetStatApplication [main] Started BackEndBetStatApplication in 0.542 seconds (JVM running for 3.908)
2020-01-08 15:50:20,433 INFO c.b.b.BackEndBetStatApplication [main] Prova
2020-01-08 15:50:20,689 INFO c.b.b.BackEndBetStatApplication [main] Starting BackEndBetStatApplication on PC-Carlucci-Altanet with PID 4208 (C:\Users\nicol\OneDrive\Desktop\workspaces\BetStat\BackEndBetStat\target\classes started by Nicola in C:\Users\nicol\OneDrive\Desktop\workspaces\BetStat\BackEndBetStat)
2020-01-08 15:50:20,690 INFO c.b.b.BackEndBetStatApplication [main] No active profile set, falling back to default profiles: default
2020-01-08 15:50:20,946 INFO o.s.b.f.a.AutowiredAnnotationBeanPostProcessor [main] Autowired annotation is not supported on static fields: private static java.lang.String com.betstat.backend.BackEndBetStatApplication.name
2020-01-08 15:50:20,946 INFO o.s.b.f.a.AutowiredAnnotationBeanPostProcessor [main] Autowired annotation is not supported on static fields: private static java.lang.String com.betstat.backend.BackEndBetStatApplication.name
2020-01-08 15:50:20,998 INFO c.b.b.BackEndBetStatApplication [main] Started BackEndBetStatApplication in 0.516 seconds (JVM running for 3.986)
2020-01-08 15:50:27,437 INFO c.b.b.BackEndBetStatApplication [main] Prova
2020-01-08 15:50:27,698 INFO c.b.b.BackEndBetStatApplication [main] Starting BackEndBetStatApplication on PC-Carlucci-Altanet with PID 4688 (C:\Users\nicol\OneDrive\Desktop\workspaces\BetStat\BackEndBetStat\target\classes started by Nicola in C:\Users\nicol\OneDrive\Desktop\workspaces\BetStat\BackEndBetStat)
2020-01-08 15:50:27,699 INFO c.b.b.BackEndBetStatApplication [main] No active profile set, falling back to default profiles: default
2020-01-08 15:50:27,962 INFO o.s.b.f.a.AutowiredAnnotationBeanPostProcessor [main] Autowired annotation is not supported on static fields: private static java.lang.String com.betstat.backend.BackEndBetStatApplication.name
2020-01-08 15:50:27,963 INFO o.s.b.f.a.AutowiredAnnotationBeanPostProcessor [main] Autowired annotation is not supported on static fields: private static java.lang.String com.betstat.backend.BackEndBetStatApplication.name
2020-01-08 15:50:28,013 INFO c.b.b.BackEndBetStatApplication [main] Started BackEndBetStatApplication in 0.528 seconds (JVM running for 4.026)
2020-01-08 15:51:20,206 INFO c.b.b.BackEndBetStatApplication [main] Prova
2020-01-08 15:51:20,518 INFO c.b.b.BackEndBetStatApplication [main] Starting BackEndBetStatApplication on PC-Carlucci-Altanet with PID 32780 (C:\Users\nicol\OneDrive\Desktop\workspaces\BetStat\BackEndBetStat\target\classes started by Nicola in C:\Users\nicol\OneDrive\Desktop\workspaces\BetStat\BackEndBetStat)
2020-01-08 15:51:20,520 INFO c.b.b.BackEndBetStatApplication [main] No active profile set, falling back to default profiles: default
2020-01-08 15:51:20,843 INFO o.s.b.f.a.AutowiredAnnotationBeanPostProcessor [main] Autowired annotation is not supported on static fields: private static java.lang.String com.betstat.backend.BackEndBetStatApplication.name
2020-01-08 15:51:20,843 INFO o.s.b.f.a.AutowiredAnnotationBeanPostProcessor [main] Autowired annotation is not supported on static fields: private static java.lang.String com.betstat.backend.BackEndBetStatApplication.name
2020-01-08 15:51:20,908 INFO c.b.b.BackEndBetStatApplication [main] Started BackEndBetStatApplication in 0.646 seconds (JVM running for 4.896)
2020-01-08 15:59:52,721 INFO c.b.b.BackEndBetStatApplication [main] Prova
2020-01-08 15:59:53,041 INFO c.b.b.BackEndBetStatApplication [main] Starting BackEndBetStatApplication on PC-Carlucci-Altanet with PID 1448 (C:\Users\nicol\OneDrive\Desktop\workspaces\BetStat\BackEndBetStat\target\classes started by Nicola in C:\Users\nicol\OneDrive\Desktop\workspaces\BetStat\BackEndBetStat)
2020-01-08 15:59:53,044 INFO c.b.b.BackEndBetStatApplication [main] No active profile set, falling back to default profiles: default
2020-01-08 15:59:53,734 INFO o.s.c.s.PostProcessorRegistrationDelegate$BeanPostProcessorChecker [main] Bean 'org.springframework.hateoas.config.HateoasConfiguration' of type [org.springframework.hateoas.config.HateoasConfiguration$$EnhancerBySpringCGLIB$$eb98d57b] is not eligible for getting processed by all BeanPostProcessors (for example: not eligible for auto-proxying)
2020-01-08 15:59:53,745 INFO o.s.c.s.PostProcessorRegistrationDelegate$BeanPostProcessorChecker [main] Bean 'relProviderPluginRegistry' of type [org.springframework.plugin.core.support.PluginRegistryFactoryBean] is not eligible for getting processed by all BeanPostProcessors (for example: not eligible for auto-proxying)
2020-01-08 15:59:53,747 INFO o.s.c.s.PostProcessorRegistrationDelegate$BeanPostProcessorChecker [main] Bean 'relProviderPluginRegistry' of type [org.springframework.plugin.core.OrderAwarePluginRegistry] is not eligible for getting processed by all BeanPostProcessors (for example: not eligible for auto-proxying)
2020-01-08 15:59:53,749 INFO o.s.c.s.PostProcessorRegistrationDelegate$BeanPostProcessorChecker [main] Bean '_relProvider' of type [org.springframework.hateoas.server.core.DelegatingLinkRelationProvider] is not eligible for getting processed by all BeanPostProcessors (for example: not eligible for auto-proxying)
2020-01-08 15:59:53,754 INFO o.s.c.s.PostProcessorRegistrationDelegate$BeanPostProcessorChecker [main] Bean 'messageResolver' of type [org.springframework.hateoas.mediatype.MessageSourceResolver] is not eligible for getting processed by all BeanPostProcessors (for example: not eligible for auto-proxying)
2020-01-08 15:59:53,755 INFO o.s.c.s.PostProcessorRegistrationDelegate$BeanPostProcessorChecker [main] Bean 'org.springframework.hateoas.mediatype.hal.HalMediaTypeConfiguration' of type [org.springframework.hateoas.mediatype.hal.HalMediaTypeConfiguration$$EnhancerBySpringCGLIB$$458d6450] is not eligible for getting processed by all BeanPostProcessors (for example: not eligible for auto-proxying)
2020-01-08 15:59:53,758 INFO o.s.c.s.PostProcessorRegistrationDelegate$BeanPostProcessorChecker [main] Bean 'org.springframework.boot.autoconfigure.jackson.JacksonAutoConfiguration$JacksonObjectMapperConfiguration' of type [org.springframework.boot.autoconfigure.jackson.JacksonAutoConfiguration$JacksonObjectMapperConfiguration] is not eligible for getting processed by all BeanPostProcessors (for example: not eligible for auto-proxying)
2020-01-08 15:59:53,758 INFO o.s.c.s.PostProcessorRegistrationDelegate$BeanPostProcessorChecker [main] Bean 'org.springframework.boot.autoconfigure.jackson.JacksonAutoConfiguration$JacksonObjectMapperBuilderConfiguration' of type [org.springframework.boot.autoconfigure.jackson.JacksonAutoConfiguration$JacksonObjectMapperBuilderConfiguration] is not eligible for getting processed by all BeanPostProcessors (for example: not eligible for auto-proxying)
2020-01-08 15:59:53,759 INFO o.s.c.s.PostProcessorRegistrationDelegate$BeanPostProcessorChecker [main] Bean 'org.springframework.boot.autoconfigure.jackson.JacksonAutoConfiguration$Jackson2ObjectMapperBuilderCustomizerConfiguration' of type [org.springframework.boot.autoconfigure.jackson.JacksonAutoConfiguration$Jackson2ObjectMapperBuilderCustomizerConfiguration] is not eligible for getting processed by all BeanPostProcessors (for example: not eligible for auto-proxying)
2020-01-08 15:59:53,770 INFO o.s.c.s.PostProcessorRegistrationDelegate$BeanPostProcessorChecker [main] Bean 'spring.jackson-org.springframework.boot.autoconfigure.jackson.JacksonProperties' of type [org.springframework.boot.autoconfigure.jackson.JacksonProperties] is not eligible for getting processed by all BeanPostProcessors (for example: not eligible for auto-proxying)
2020-01-08 15:59:53,770 INFO o.s.c.s.PostProcessorRegistrationDelegate$BeanPostProcessorChecker [main] Bean 'standardJacksonObjectMapperBuilderCustomizer' of type [org.springframework.boot.autoconfigure.jackson.JacksonAutoConfiguration$Jackson2ObjectMapperBuilderCustomizerConfiguration$StandardJackson2ObjectMapperBuilderCustomizer] is not eligible for getting processed by all BeanPostProcessors (for example: not eligible for auto-proxying)
2020-01-08 15:59:53,772 INFO o.s.c.s.PostProcessorRegistrationDelegate$BeanPostProcessorChecker [main] Bean 'org.springframework.boot.autoconfigure.jackson.JacksonAutoConfiguration$ParameterNamesModuleConfiguration' of type [org.springframework.boot.autoconfigure.jackson.JacksonAutoConfiguration$ParameterNamesModuleConfiguration] is not eligible for getting processed by all BeanPostProcessors (for example: not eligible for auto-proxying)
2020-01-08 15:59:53,775 INFO o.s.c.s.PostProcessorRegistrationDelegate$BeanPostProcessorChecker [main] Bean 'parameterNamesModule' of type [com.fasterxml.jackson.module.paramnames.ParameterNamesModule] is not eligible for getting processed by all BeanPostProcessors (for example: not eligible for auto-proxying)
2020-01-08 15:59:53,775 INFO o.s.c.s.PostProcessorRegistrationDelegate$BeanPostProcessorChecker [main] Bean 'org.springframework.boot.autoconfigure.jackson.JacksonAutoConfiguration' of type [org.springframework.boot.autoconfigure.jackson.JacksonAutoConfiguration] is not eligible for getting processed by all BeanPostProcessors (for example: not eligible for auto-proxying)
2020-01-08 15:59:53,780 INFO o.s.c.s.PostProcessorRegistrationDelegate$BeanPostProcessorChecker [main] Bean 'jsonComponentModule' of type [org.springframework.boot.jackson.JsonComponentModule] is not eligible for getting processed by all BeanPostProcessors (for example: not eligible for auto-proxying)
2020-01-08 15:59:53,780 INFO o.s.c.s.PostProcessorRegistrationDelegate$BeanPostProcessorChecker [main] Bean 'org.springframework.data.web.config.SpringDataJacksonConfiguration' of type [org.springframework.data.web.config.SpringDataJacksonConfiguration] is not eligible for getting processed by all BeanPostProcessors (for example: not eligible for auto-proxying)
2020-01-08 15:59:53,783 INFO o.s.c.s.PostProcessorRegistrationDelegate$BeanPostProcessorChecker [main] Bean 'jacksonGeoModule' of type [org.springframework.data.geo.GeoModule] is not eligible for getting processed by all BeanPostProcessors (for example: not eligible for auto-proxying)
2020-01-08 15:59:53,785 INFO o.s.c.s.PostProcessorRegistrationDelegate$BeanPostProcessorChecker [main] Bean 'jacksonObjectMapperBuilder' of type [org.springframework.http.converter.json.Jackson2ObjectMapperBuilder] is not eligible for getting processed by all BeanPostProcessors (for example: not eligible for auto-proxying)
2020-01-08 15:59:53,798 INFO o.s.c.s.PostProcessorRegistrationDelegate$BeanPostProcessorChecker [main] Bean 'jacksonObjectMapper' of type [com.fasterxml.jackson.databind.ObjectMapper] is not eligible for getting processed by all BeanPostProcessors (for example: not eligible for auto-proxying)
2020-01-08 15:59:53,819 INFO o.s.c.s.PostProcessorRegistrationDelegate$BeanPostProcessorChecker [main] Bean 'hypermediaWebMvcConverters' of type [org.springframework.hateoas.config.WebConverters] is not eligible for getting processed by all BeanPostProcessors (for example: not eligible for auto-proxying)
2020-01-08 15:59:54,018 INFO o.s.b.w.e.t.TomcatWebServer [main] Tomcat initialized with port(s): 8080 (http)
2020-01-08 15:59:54,026 INFO o.a.c.h.Http11NioProtocol [main] Initializing ProtocolHandler ["http-nio-8080"]
2020-01-08 15:59:54,026 INFO o.a.c.c.StandardService [main] Starting service [Tomcat]
2020-01-08 15:59:54,026 INFO o.a.c.c.StandardEngine [main] Starting Servlet engine: [Apache Tomcat/9.0.29]
2020-01-08 15:59:54,116 INFO o.a.c.c.C.[.[.[/] [main] Initializing Spring embedded WebApplicationContext
2020-01-08 15:59:54,116 INFO o.s.w.c.ContextLoader [main] Root WebApplicationContext: initialization completed in 1013 ms
2020-01-08 15:59:54,222 INFO o.s.b.f.a.AutowiredAnnotationBeanPostProcessor [main] Autowired annotation is not supported on static fields: private static java.lang.String com.betstat.backend.controller.coupon.CouponController.name
2020-01-08 15:59:54,223 INFO o.s.b.f.a.AutowiredAnnotationBeanPostProcessor [main] Autowired annotation is not supported on static fields: private static java.lang.String com.betstat.backend.controller.coupon.CouponController.name
2020-01-08 15:59:54,546 INFO o.s.s.c.ThreadPoolTaskExecutor [main] Initializing ExecutorService 'applicationTaskExecutor'
2020-01-08 15:59:54,909 INFO o.a.c.h.Http11NioProtocol [main] Starting ProtocolHandler ["http-nio-8080"]
2020-01-08 15:59:54,933 INFO o.a.c.h.Http11NioProtocol [main] Pausing ProtocolHandler ["http-nio-8080"]
2020-01-08 15:59:54,934 INFO o.a.c.c.StandardService [main] Stopping service [Tomcat]
2020-01-08 15:59:54,939 INFO o.a.c.h.Http11NioProtocol [main] Stopping ProtocolHandler ["http-nio-8080"]
2020-01-08 15:59:54,940 INFO o.a.c.h.Http11NioProtocol [main] Destroying ProtocolHandler ["http-nio-8080"]
2020-01-08 15:59:54,953 INFO o.s.b.a.l.ConditionEvaluationReportLoggingListener [main] 

Error starting ApplicationContext. To display the conditions report re-run your application with 'debug' enabled.
2020-01-08 15:59:54,963 INFO o.s.s.c.ThreadPoolTaskExecutor [main] Shutting down ExecutorService 'applicationTaskExecutor'
2020-01-08 16:00:19,490 INFO c.b.b.BackEndBetStatApplication [main] Prova
2020-01-08 16:00:19,795 INFO c.b.b.BackEndBetStatApplication [main] Starting BackEndBetStatApplication on PC-Carlucci-Altanet with PID 21256 (C:\Users\nicol\OneDrive\Desktop\workspaces\BetStat\BackEndBetStat\target\classes started by Nicola in C:\Users\nicol\OneDrive\Desktop\workspaces\BetStat\BackEndBetStat)
2020-01-08 16:00:19,798 INFO c.b.b.BackEndBetStatApplication [main] No active profile set, falling back to default profiles: default
2020-01-08 16:00:20,452 INFO o.s.c.s.PostProcessorRegistrationDelegate$BeanPostProcessorChecker [main] Bean 'org.springframework.hateoas.config.HateoasConfiguration' of type [org.springframework.hateoas.config.HateoasConfiguration$$EnhancerBySpringCGLIB$$b6266efa] is not eligible for getting processed by all BeanPostProcessors (for example: not eligible for auto-proxying)
2020-01-08 16:00:20,470 INFO o.s.c.s.PostProcessorRegistrationDelegate$BeanPostProcessorChecker [main] Bean 'relProviderPluginRegistry' of type [org.springframework.plugin.core.support.PluginRegistryFactoryBean] is not eligible for getting processed by all BeanPostProcessors (for example: not eligible for auto-proxying)
2020-01-08 16:00:20,474 INFO o.s.c.s.PostProcessorRegistrationDelegate$BeanPostProcessorChecker [main] Bean 'relProviderPluginRegistry' of type [org.springframework.plugin.core.OrderAwarePluginRegistry] is not eligible for getting processed by all BeanPostProcessors (for example: not eligible for auto-proxying)
2020-01-08 16:00:20,477 INFO o.s.c.s.PostProcessorRegistrationDelegate$BeanPostProcessorChecker [main] Bean '_relProvider' of type [org.springframework.hateoas.server.core.DelegatingLinkRelationProvider] is not eligible for getting processed by all BeanPostProcessors (for example: not eligible for auto-proxying)
2020-01-08 16:00:20,482 INFO o.s.c.s.PostProcessorRegistrationDelegate$BeanPostProcessorChecker [main] Bean 'messageResolver' of type [org.springframework.hateoas.mediatype.MessageSourceResolver] is not eligible for getting processed by all BeanPostProcessors (for example: not eligible for auto-proxying)
2020-01-08 16:00:20,484 INFO o.s.c.s.PostProcessorRegistrationDelegate$BeanPostProcessorChecker [main] Bean 'org.springframework.hateoas.mediatype.hal.HalMediaTypeConfiguration' of type [org.springframework.hateoas.mediatype.hal.HalMediaTypeConfiguration$$EnhancerBySpringCGLIB$$101afdcf] is not eligible for getting processed by all BeanPostProcessors (for example: not eligible for auto-proxying)
2020-01-08 16:00:20,487 INFO o.s.c.s.PostProcessorRegistrationDelegate$BeanPostProcessorChecker [main] Bean 'org.springframework.boot.autoconfigure.jackson.JacksonAutoConfiguration$JacksonObjectMapperConfiguration' of type [org.springframework.boot.autoconfigure.jackson.JacksonAutoConfiguration$JacksonObjectMapperConfiguration] is not eligible for getting processed by all BeanPostProcessors (for example: not eligible for auto-proxying)
2020-01-08 16:00:20,488 INFO o.s.c.s.PostProcessorRegistrationDelegate$BeanPostProcessorChecker [main] Bean 'org.springframework.boot.autoconfigure.jackson.JacksonAutoConfiguration$JacksonObjectMapperBuilderConfiguration' of type [org.springframework.boot.autoconfigure.jackson.JacksonAutoConfiguration$JacksonObjectMapperBuilderConfiguration] is not eligible for getting processed by all BeanPostProcessors (for example: not eligible for auto-proxying)
2020-01-08 16:00:20,490 INFO o.s.c.s.PostProcessorRegistrationDelegate$BeanPostProcessorChecker [main] Bean 'org.springframework.boot.autoconfigure.jackson.JacksonAutoConfiguration$Jackson2ObjectMapperBuilderCustomizerConfiguration' of type [org.springframework.boot.autoconfigure.jackson.JacksonAutoConfiguration$Jackson2ObjectMapperBuilderCustomizerConfiguration] is not eligible for getting processed by all BeanPostProcessors (for example: not eligible for auto-proxying)
2020-01-08 16:00:20,507 INFO o.s.c.s.PostProcessorRegistrationDelegate$BeanPostProcessorChecker [main] Bean 'spring.jackson-org.springframework.boot.autoconfigure.jackson.JacksonProperties' of type [org.springframework.boot.autoconfigure.jackson.JacksonProperties] is not eligible for getting processed by all BeanPostProcessors (for example: not eligible for auto-proxying)
2020-01-08 16:00:20,508 INFO o.s.c.s.PostProcessorRegistrationDelegate$BeanPostProcessorChecker [main] Bean 'standardJacksonObjectMapperBuilderCustomizer' of type [org.springframework.boot.autoconfigure.jackson.JacksonAutoConfiguration$Jackson2ObjectMapperBuilderCustomizerConfiguration$StandardJackson2ObjectMapperBuilderCustomizer] is not eligible for getting processed by all BeanPostProcessors (for example: not eligible for auto-proxying)
2020-01-08 16:00:20,510 INFO o.s.c.s.PostProcessorRegistrationDelegate$BeanPostProcessorChecker [main] Bean 'org.springframework.boot.autoconfigure.jackson.JacksonAutoConfiguration$ParameterNamesModuleConfiguration' of type [org.springframework.boot.autoconfigure.jackson.JacksonAutoConfiguration$ParameterNamesModuleConfiguration] is not eligible for getting processed by all BeanPostProcessors (for example: not eligible for auto-proxying)
2020-01-08 16:00:20,514 INFO o.s.c.s.PostProcessorRegistrationDelegate$BeanPostProcessorChecker [main] Bean 'parameterNamesModule' of type [com.fasterxml.jackson.module.paramnames.ParameterNamesModule] is not eligible for getting processed by all BeanPostProcessors (for example: not eligible for auto-proxying)
2020-01-08 16:00:20,515 INFO o.s.c.s.PostProcessorRegistrationDelegate$BeanPostProcessorChecker [main] Bean 'org.springframework.boot.autoconfigure.jackson.JacksonAutoConfiguration' of type [org.springframework.boot.autoconfigure.jackson.JacksonAutoConfiguration] is not eligible for getting processed by all BeanPostProcessors (for example: not eligible for auto-proxying)
2020-01-08 16:00:20,524 INFO o.s.c.s.PostProcessorRegistrationDelegate$BeanPostProcessorChecker [main] Bean 'jsonComponentModule' of type [org.springframework.boot.jackson.JsonComponentModule] is not eligible for getting processed by all BeanPostProcessors (for example: not eligible for auto-proxying)
2020-01-08 16:00:20,525 INFO o.s.c.s.PostProcessorRegistrationDelegate$BeanPostProcessorChecker [main] Bean 'org.springframework.data.web.config.SpringDataJacksonConfiguration' of type [org.springframework.data.web.config.SpringDataJacksonConfiguration] is not eligible for getting processed by all BeanPostProcessors (for example: not eligible for auto-proxying)
2020-01-08 16:00:20,529 INFO o.s.c.s.PostProcessorRegistrationDelegate$BeanPostProcessorChecker [main] Bean 'jacksonGeoModule' of type [org.springframework.data.geo.GeoModule] is not eligible for getting processed by all BeanPostProcessors (for example: not eligible for auto-proxying)
2020-01-08 16:00:20,532 INFO o.s.c.s.PostProcessorRegistrationDelegate$BeanPostProcessorChecker [main] Bean 'jacksonObjectMapperBuilder' of type [org.springframework.http.converter.json.Jackson2ObjectMapperBuilder] is not eligible for getting processed by all BeanPostProcessors (for example: not eligible for auto-proxying)
2020-01-08 16:00:20,550 INFO o.s.c.s.PostProcessorRegistrationDelegate$BeanPostProcessorChecker [main] Bean 'jacksonObjectMapper' of type [com.fasterxml.jackson.databind.ObjectMapper] is not eligible for getting processed by all BeanPostProcessors (for example: not eligible for auto-proxying)
2020-01-08 16:00:20,585 INFO o.s.c.s.PostProcessorRegistrationDelegate$BeanPostProcessorChecker [main] Bean 'hypermediaWebMvcConverters' of type [org.springframework.hateoas.config.WebConverters] is not eligible for getting processed by all BeanPostProcessors (for example: not eligible for auto-proxying)
2020-01-08 16:00:20,891 INFO o.s.b.w.e.t.TomcatWebServer [main] Tomcat initialized with port(s): 9797 (http)
2020-01-08 16:00:20,901 INFO o.a.c.h.Http11NioProtocol [main] Initializing ProtocolHandler ["http-nio-9797"]
2020-01-08 16:00:20,902 INFO o.a.c.c.StandardService [main] Starting service [Tomcat]
2020-01-08 16:00:20,902 INFO o.a.c.c.StandardEngine [main] Starting Servlet engine: [Apache Tomcat/9.0.29]
2020-01-08 16:00:21,079 INFO o.a.c.c.C.[.[.[/] [main] Initializing Spring embedded WebApplicationContext
2020-01-08 16:00:21,080 INFO o.s.w.c.ContextLoader [main] Root WebApplicationContext: initialization completed in 1254 ms
2020-01-08 16:00:21,190 INFO o.s.b.f.a.AutowiredAnnotationBeanPostProcessor [main] Autowired annotation is not supported on static fields: private static java.lang.String com.betstat.backend.controller.coupon.CouponController.name
2020-01-08 16:00:21,191 INFO o.s.b.f.a.AutowiredAnnotationBeanPostProcessor [main] Autowired annotation is not supported on static fields: private static java.lang.String com.betstat.backend.controller.coupon.CouponController.name
2020-01-08 16:00:21,643 INFO o.s.s.c.ThreadPoolTaskExecutor [main] Initializing ExecutorService 'applicationTaskExecutor'
2020-01-08 16:00:22,030 INFO o.a.c.h.Http11NioProtocol [main] Starting ProtocolHandler ["http-nio-9797"]
2020-01-08 16:00:22,056 INFO o.s.b.w.e.t.TomcatWebServer [main] Tomcat started on port(s): 9797 (http) with context path ''
2020-01-08 16:00:22,060 INFO c.b.b.BackEndBetStatApplication [main] Started BackEndBetStatApplication in 2.516 seconds (JVM running for 6.412)
2020-01-08 16:00:33,513 INFO o.a.c.c.C.[.[.[/] [http-nio-9797-exec-1] Initializing Spring DispatcherServlet 'dispatcherServlet'
2020-01-08 16:00:33,513 INFO o.s.w.s.DispatcherServlet [http-nio-9797-exec-1] Initializing Servlet 'dispatcherServlet'
2020-01-08 16:00:33,536 INFO o.s.w.s.DispatcherServlet [http-nio-9797-exec-1] Completed initialization in 23 ms
2020-01-08 16:01:59,530 INFO o.s.b.a.SpringApplicationAdminMXBeanRegistrar$SpringApplicationAdmin [RMI TCP Connection(10)-127.0.0.1] Application shutdown requested.
2020-01-08 16:01:59,536 INFO o.s.s.c.ThreadPoolTaskExecutor [RMI TCP Connection(10)-127.0.0.1] Shutting down ExecutorService 'applicationTaskExecutor'
2020-01-08 16:02:38,924 INFO c.b.b.BackEndBetStatApplication [main] Prova
2020-01-08 16:02:39,471 INFO c.b.b.BackEndBetStatApplication [main] Starting BackEndBetStatApplication on PC-Carlucci-Altanet with PID 3664 (C:\Users\nicol\OneDrive\Desktop\workspaces\BetStat\BackEndBetStat\target\classes started by Nicola in C:\Users\nicol\OneDrive\Desktop\workspaces\BetStat\BackEndBetStat)
2020-01-08 16:02:39,476 INFO c.b.b.BackEndBetStatApplication [main] No active profile set, falling back to default profiles: default
2020-01-08 16:02:40,411 INFO o.s.c.s.PostProcessorRegistrationDelegate$BeanPostProcessorChecker [main] Bean 'org.springframework.hateoas.config.HateoasConfiguration' of type [org.springframework.hateoas.config.HateoasConfiguration$$EnhancerBySpringCGLIB$$e369f1d1] is not eligible for getting processed by all BeanPostProcessors (for example: not eligible for auto-proxying)
2020-01-08 16:02:40,425 INFO o.s.c.s.PostProcessorRegistrationDelegate$BeanPostProcessorChecker [main] Bean 'relProviderPluginRegistry' of type [org.springframework.plugin.core.support.PluginRegistryFactoryBean] is not eligible for getting processed by all BeanPostProcessors (for example: not eligible for auto-proxying)
2020-01-08 16:02:40,427 INFO o.s.c.s.PostProcessorRegistrationDelegate$BeanPostProcessorChecker [main] Bean 'relProviderPluginRegistry' of type [org.springframework.plugin.core.OrderAwarePluginRegistry] is not eligible for getting processed by all BeanPostProcessors (for example: not eligible for auto-proxying)
2020-01-08 16:02:40,429 INFO o.s.c.s.PostProcessorRegistrationDelegate$BeanPostProcessorChecker [main] Bean '_relProvider' of type [org.springframework.hateoas.server.core.DelegatingLinkRelationProvider] is not eligible for getting processed by all BeanPostProcessors (for example: not eligible for auto-proxying)
2020-01-08 16:02:40,433 INFO o.s.c.s.PostProcessorRegistrationDelegate$BeanPostProcessorChecker [main] Bean 'messageResolver' of type [org.springframework.hateoas.mediatype.MessageSourceResolver] is not eligible for getting processed by all BeanPostProcessors (for example: not eligible for auto-proxying)
2020-01-08 16:02:40,434 INFO o.s.c.s.PostProcessorRegistrationDelegate$BeanPostProcessorChecker [main] Bean 'org.springframework.hateoas.mediatype.hal.HalMediaTypeConfiguration' of type [org.springframework.hateoas.mediatype.hal.HalMediaTypeConfiguration$$EnhancerBySpringCGLIB$$3d5e80a6] is not eligible for getting processed by all BeanPostProcessors (for example: not eligible for auto-proxying)
2020-01-08 16:02:40,437 INFO o.s.c.s.PostProcessorRegistrationDelegate$BeanPostProcessorChecker [main] Bean 'org.springframework.boot.autoconfigure.jackson.JacksonAutoConfiguration$JacksonObjectMapperConfiguration' of type [org.springframework.boot.autoconfigure.jackson.JacksonAutoConfiguration$JacksonObjectMapperConfiguration] is not eligible for getting processed by all BeanPostProcessors (for example: not eligible for auto-proxying)
2020-01-08 16:02:40,437 INFO o.s.c.s.PostProcessorRegistrationDelegate$BeanPostProcessorChecker [main] Bean 'org.springframework.boot.autoconfigure.jackson.JacksonAutoConfiguration$JacksonObjectMapperBuilderConfiguration' of type [org.springframework.boot.autoconfigure.jackson.JacksonAutoConfiguration$JacksonObjectMapperBuilderConfiguration] is not eligible for getting processed by all BeanPostProcessors (for example: not eligible for auto-proxying)
2020-01-08 16:02:40,439 INFO o.s.c.s.PostProcessorRegistrationDelegate$BeanPostProcessorChecker [main] Bean 'org.springframework.boot.autoconfigure.jackson.JacksonAutoConfiguration$Jackson2ObjectMapperBuilderCustomizerConfiguration' of type [org.springframework.boot.autoconfigure.jackson.JacksonAutoConfiguration$Jackson2ObjectMapperBuilderCustomizerConfiguration] is not eligible for getting processed by all BeanPostProcessors (for example: not eligible for auto-proxying)
2020-01-08 16:02:40,449 INFO o.s.c.s.PostProcessorRegistrationDelegate$BeanPostProcessorChecker [main] Bean 'spring.jackson-org.springframework.boot.autoconfigure.jackson.JacksonProperties' of type [org.springframework.boot.autoconfigure.jackson.JacksonProperties] is not eligible for getting processed by all BeanPostProcessors (for example: not eligible for auto-proxying)
2020-01-08 16:02:40,449 INFO o.s.c.s.PostProcessorRegistrationDelegate$BeanPostProcessorChecker [main] Bean 'standardJacksonObjectMapperBuilderCustomizer' of type [org.springframework.boot.autoconfigure.jackson.JacksonAutoConfiguration$Jackson2ObjectMapperBuilderCustomizerConfiguration$StandardJackson2ObjectMapperBuilderCustomizer] is not eligible for getting processed by all BeanPostProcessors (for example: not eligible for auto-proxying)
2020-01-08 16:02:40,451 INFO o.s.c.s.PostProcessorRegistrationDelegate$BeanPostProcessorChecker [main] Bean 'org.springframework.boot.autoconfigure.jackson.JacksonAutoConfiguration$ParameterNamesModuleConfiguration' of type [org.springframework.boot.autoconfigure.jackson.JacksonAutoConfiguration$ParameterNamesModuleConfiguration] is not eligible for getting processed by all BeanPostProcessors (for example: not eligible for auto-proxying)
2020-01-08 16:02:40,454 INFO o.s.c.s.PostProcessorRegistrationDelegate$BeanPostProcessorChecker [main] Bean 'parameterNamesModule' of type [com.fasterxml.jackson.module.paramnames.ParameterNamesModule] is not eligible for getting processed by all BeanPostProcessors (for example: not eligible for auto-proxying)
2020-01-08 16:02:40,454 INFO o.s.c.s.PostProcessorRegistrationDelegate$BeanPostProcessorChecker [main] Bean 'org.springframework.boot.autoconfigure.jackson.JacksonAutoConfiguration' of type [org.springframework.boot.autoconfigure.jackson.JacksonAutoConfiguration] is not eligible for getting processed by all BeanPostProcessors (for example: not eligible for auto-proxying)
2020-01-08 16:02:40,460 INFO o.s.c.s.PostProcessorRegistrationDelegate$BeanPostProcessorChecker [main] Bean 'jsonComponentModule' of type [org.springframework.boot.jackson.JsonComponentModule] is not eligible for getting processed by all BeanPostProcessors (for example: not eligible for auto-proxying)
2020-01-08 16:02:40,460 INFO o.s.c.s.PostProcessorRegistrationDelegate$BeanPostProcessorChecker [main] Bean 'org.springframework.data.web.config.SpringDataJacksonConfiguration' of type [org.springframework.data.web.config.SpringDataJacksonConfiguration] is not eligible for getting processed by all BeanPostProcessors (for example: not eligible for auto-proxying)
2020-01-08 16:02:40,463 INFO o.s.c.s.PostProcessorRegistrationDelegate$BeanPostProcessorChecker [main] Bean 'jacksonGeoModule' of type [org.springframework.data.geo.GeoModule] is not eligible for getting processed by all BeanPostProcessors (for example: not eligible for auto-proxying)
2020-01-08 16:02:40,465 INFO o.s.c.s.PostProcessorRegistrationDelegate$BeanPostProcessorChecker [main] Bean 'jacksonObjectMapperBuilder' of type [org.springframework.http.converter.json.Jackson2ObjectMapperBuilder] is not eligible for getting processed by all BeanPostProcessors (for example: not eligible for auto-proxying)
2020-01-08 16:02:40,478 INFO o.s.c.s.PostProcessorRegistrationDelegate$BeanPostProcessorChecker [main] Bean 'jacksonObjectMapper' of type [com.fasterxml.jackson.databind.ObjectMapper] is not eligible for getting processed by all BeanPostProcessors (for example: not eligible for auto-proxying)
2020-01-08 16:02:40,499 INFO o.s.c.s.PostProcessorRegistrationDelegate$BeanPostProcessorChecker [main] Bean 'hypermediaWebMvcConverters' of type [org.springframework.hateoas.config.WebConverters] is not eligible for getting processed by all BeanPostProcessors (for example: not eligible for auto-proxying)
2020-01-08 16:02:40,688 INFO o.s.b.w.e.t.TomcatWebServer [main] Tomcat initialized with port(s): 9797 (http)
2020-01-08 16:02:40,695 INFO o.a.c.h.Http11NioProtocol [main] Initializing ProtocolHandler ["http-nio-9797"]
2020-01-08 16:02:40,695 INFO o.a.c.c.StandardService [main] Starting service [Tomcat]
2020-01-08 16:02:40,696 INFO o.a.c.c.StandardEngine [main] Starting Servlet engine: [Apache Tomcat/9.0.29]
2020-01-08 16:02:40,808 INFO o.a.c.c.C.[.[.[/] [main] Initializing Spring embedded WebApplicationContext
2020-01-08 16:02:40,808 INFO o.s.w.c.ContextLoader [main] Root WebApplicationContext: initialization completed in 1273 ms
2020-01-08 16:02:40,938 INFO o.s.b.f.a.AutowiredAnnotationBeanPostProcessor [main] Autowired annotation is not supported on static fields: private static java.lang.String com.betstat.backend.controller.coupon.CouponController.name
2020-01-08 16:02:40,939 INFO o.s.b.f.a.AutowiredAnnotationBeanPostProcessor [main] Autowired annotation is not supported on static fields: private static java.lang.String com.betstat.backend.controller.coupon.CouponController.name
2020-01-08 16:02:41,263 INFO o.s.s.c.ThreadPoolTaskExecutor [main] Initializing ExecutorService 'applicationTaskExecutor'
2020-01-08 16:02:41,540 INFO o.a.c.h.Http11NioProtocol [main] Starting ProtocolHandler ["http-nio-9797"]
2020-01-08 16:02:41,558 INFO o.s.b.w.e.t.TomcatWebServer [main] Tomcat started on port(s): 9797 (http) with context path ''
2020-01-08 16:02:41,561 INFO c.b.b.BackEndBetStatApplication [main] Started BackEndBetStatApplication in 2.548 seconds (JVM running for 6.196)
2020-01-08 16:03:10,183 INFO o.a.c.c.C.[.[.[/] [http-nio-9797-exec-1] Initializing Spring DispatcherServlet 'dispatcherServlet'
2020-01-08 16:03:10,183 INFO o.s.w.s.DispatcherServlet [http-nio-9797-exec-1] Initializing Servlet 'dispatcherServlet'
2020-01-08 16:03:10,215 INFO o.s.w.s.DispatcherServlet [http-nio-9797-exec-1] Completed initialization in 31 ms
2020-01-08 16:03:33,870 INFO o.s.b.a.SpringApplicationAdminMXBeanRegistrar$SpringApplicationAdmin [RMI TCP Connection(8)-127.0.0.1] Application shutdown requested.
2020-01-08 16:03:33,875 INFO o.s.s.c.ThreadPoolTaskExecutor [RMI TCP Connection(8)-127.0.0.1] Shutting down ExecutorService 'applicationTaskExecutor'
2020-01-08 16:05:06,918 INFO c.b.b.BackEndBetStatApplication [main] Prova
2020-01-08 16:05:07,239 INFO c.b.b.BackEndBetStatApplication [main] Starting BackEndBetStatApplication on PC-Carlucci-Altanet with PID 17396 (C:\Users\nicol\OneDrive\Desktop\workspaces\BetStat\BackEndBetStat\target\classes started by Nicola in C:\Users\nicol\OneDrive\Desktop\workspaces\BetStat\BackEndBetStat)
2020-01-08 16:05:07,243 INFO c.b.b.BackEndBetStatApplication [main] No active profile set, falling back to default profiles: default
2020-01-08 16:05:08,211 INFO o.s.c.s.PostProcessorRegistrationDelegate$BeanPostProcessorChecker [main] Bean 'org.springframework.hateoas.config.HateoasConfiguration' of type [org.springframework.hateoas.config.HateoasConfiguration$$EnhancerBySpringCGLIB$$bb97a17] is not eligible for getting processed by all BeanPostProcessors (for example: not eligible for auto-proxying)
2020-01-08 16:05:08,228 INFO o.s.c.s.PostProcessorRegistrationDelegate$BeanPostProcessorChecker [main] Bean 'relProviderPluginRegistry' of type [org.springframework.plugin.core.support.PluginRegistryFactoryBean] is not eligible for getting processed by all BeanPostProcessors (for example: not eligible for auto-proxying)
2020-01-08 16:05:08,231 INFO o.s.c.s.PostProcessorRegistrationDelegate$BeanPostProcessorChecker [main] Bean 'relProviderPluginRegistry' of type [org.springframework.plugin.core.OrderAwarePluginRegistry] is not eligible for getting processed by all BeanPostProcessors (for example: not eligible for auto-proxying)
2020-01-08 16:05:08,234 INFO o.s.c.s.PostProcessorRegistrationDelegate$BeanPostProcessorChecker [main] Bean '_relProvider' of type [org.springframework.hateoas.server.core.DelegatingLinkRelationProvider] is not eligible for getting processed by all BeanPostProcessors (for example: not eligible for auto-proxying)
2020-01-08 16:05:08,239 INFO o.s.c.s.PostProcessorRegistrationDelegate$BeanPostProcessorChecker [main] Bean 'messageResolver' of type [org.springframework.hateoas.mediatype.MessageSourceResolver] is not eligible for getting processed by all BeanPostProcessors (for example: not eligible for auto-proxying)
2020-01-08 16:05:08,241 INFO o.s.c.s.PostProcessorRegistrationDelegate$BeanPostProcessorChecker [main] Bean 'org.springframework.hateoas.mediatype.hal.HalMediaTypeConfiguration' of type [org.springframework.hateoas.mediatype.hal.HalMediaTypeConfiguration$$EnhancerBySpringCGLIB$$65ae08ec] is not eligible for getting processed by all BeanPostProcessors (for example: not eligible for auto-proxying)
2020-01-08 16:05:08,245 INFO o.s.c.s.PostProcessorRegistrationDelegate$BeanPostProcessorChecker [main] Bean 'org.springframework.boot.autoconfigure.jackson.JacksonAutoConfiguration$JacksonObjectMapperConfiguration' of type [org.springframework.boot.autoconfigure.jackson.JacksonAutoConfiguration$JacksonObjectMapperConfiguration] is not eligible for getting processed by all BeanPostProcessors (for example: not eligible for auto-proxying)
2020-01-08 16:05:08,246 INFO o.s.c.s.PostProcessorRegistrationDelegate$BeanPostProcessorChecker [main] Bean 'org.springframework.boot.autoconfigure.jackson.JacksonAutoConfiguration$JacksonObjectMapperBuilderConfiguration' of type [org.springframework.boot.autoconfigure.jackson.JacksonAutoConfiguration$JacksonObjectMapperBuilderConfiguration] is not eligible for getting processed by all BeanPostProcessors (for example: not eligible for auto-proxying)
2020-01-08 16:05:08,248 INFO o.s.c.s.PostProcessorRegistrationDelegate$BeanPostProcessorChecker [main] Bean 'org.springframework.boot.autoconfigure.jackson.JacksonAutoConfiguration$Jackson2ObjectMapperBuilderCustomizerConfiguration' of type [org.springframework.boot.autoconfigure.jackson.JacksonAutoConfiguration$Jackson2ObjectMapperBuilderCustomizerConfiguration] is not eligible for getting processed by all BeanPostProcessors (for example: not eligible for auto-proxying)
2020-01-08 16:05:08,266 INFO o.s.c.s.PostProcessorRegistrationDelegate$BeanPostProcessorChecker [main] Bean 'spring.jackson-org.springframework.boot.autoconfigure.jackson.JacksonProperties' of type [org.springframework.boot.autoconfigure.jackson.JacksonProperties] is not eligible for getting processed by all BeanPostProcessors (for example: not eligible for auto-proxying)
2020-01-08 16:05:08,267 INFO o.s.c.s.PostProcessorRegistrationDelegate$BeanPostProcessorChecker [main] Bean 'standardJacksonObjectMapperBuilderCustomizer' of type [org.springframework.boot.autoconfigure.jackson.JacksonAutoConfiguration$Jackson2ObjectMapperBuilderCustomizerConfiguration$StandardJackson2ObjectMapperBuilderCustomizer] is not eligible for getting processed by all BeanPostProcessors (for example: not eligible for auto-proxying)
2020-01-08 16:05:08,271 INFO o.s.c.s.PostProcessorRegistrationDelegate$BeanPostProcessorChecker [main] Bean 'org.springframework.boot.autoconfigure.jackson.JacksonAutoConfiguration$ParameterNamesModuleConfiguration' of type [org.springframework.boot.autoconfigure.jackson.JacksonAutoConfiguration$ParameterNamesModuleConfiguration] is not eligible for getting processed by all BeanPostProcessors (for example: not eligible for auto-proxying)
2020-01-08 16:05:08,276 INFO o.s.c.s.PostProcessorRegistrationDelegate$BeanPostProcessorChecker [main] Bean 'parameterNamesModule' of type [com.fasterxml.jackson.module.paramnames.ParameterNamesModule] is not eligible for getting processed by all BeanPostProcessors (for example: not eligible for auto-proxying)
2020-01-08 16:05:08,277 INFO o.s.c.s.PostProcessorRegistrationDelegate$BeanPostProcessorChecker [main] Bean 'org.springframework.boot.autoconfigure.jackson.JacksonAutoConfiguration' of type [org.springframework.boot.autoconfigure.jackson.JacksonAutoConfiguration] is not eligible for getting processed by all BeanPostProcessors (for example: not eligible for auto-proxying)
2020-01-08 16:05:08,285 INFO o.s.c.s.PostProcessorRegistrationDelegate$BeanPostProcessorChecker [main] Bean 'jsonComponentModule' of type [org.springframework.boot.jackson.JsonComponentModule] is not eligible for getting processed by all BeanPostProcessors (for example: not eligible for auto-proxying)
2020-01-08 16:05:08,285 INFO o.s.c.s.PostProcessorRegistrationDelegate$BeanPostProcessorChecker [main] Bean 'org.springframework.data.web.config.SpringDataJacksonConfiguration' of type [org.springframework.data.web.config.SpringDataJacksonConfiguration] is not eligible for getting processed by all BeanPostProcessors (for example: not eligible for auto-proxying)
2020-01-08 16:05:08,290 INFO o.s.c.s.PostProcessorRegistrationDelegate$BeanPostProcessorChecker [main] Bean 'jacksonGeoModule' of type [org.springframework.data.geo.GeoModule] is not eligible for getting processed by all BeanPostProcessors (for example: not eligible for auto-proxying)
2020-01-08 16:05:08,292 INFO o.s.c.s.PostProcessorRegistrationDelegate$BeanPostProcessorChecker [main] Bean 'jacksonObjectMapperBuilder' of type [org.springframework.http.converter.json.Jackson2ObjectMapperBuilder] is not eligible for getting processed by all BeanPostProcessors (for example: not eligible for auto-proxying)
2020-01-08 16:05:08,311 INFO o.s.c.s.PostProcessorRegistrationDelegate$BeanPostProcessorChecker [main] Bean 'jacksonObjectMapper' of type [com.fasterxml.jackson.databind.ObjectMapper] is not eligible for getting processed by all BeanPostProcessors (for example: not eligible for auto-proxying)
2020-01-08 16:05:08,345 INFO o.s.c.s.PostProcessorRegistrationDelegate$BeanPostProcessorChecker [main] Bean 'hypermediaWebMvcConverters' of type [org.springframework.hateoas.config.WebConverters] is not eligible for getting processed by all BeanPostProcessors (for example: not eligible for auto-proxying)
2020-01-08 16:05:08,680 INFO o.s.b.w.e.t.TomcatWebServer [main] Tomcat initialized with port(s): 9797 (http)
2020-01-08 16:05:08,691 INFO o.a.c.h.Http11NioProtocol [main] Initializing ProtocolHandler ["http-nio-9797"]
2020-01-08 16:05:08,692 INFO o.a.c.c.StandardService [main] Starting service [Tomcat]
2020-01-08 16:05:08,693 INFO o.a.c.c.StandardEngine [main] Starting Servlet engine: [Apache Tomcat/9.0.29]
2020-01-08 16:05:08,889 INFO o.a.c.c.C.[.[.[/] [main] Initializing Spring embedded WebApplicationContext
2020-01-08 16:05:08,889 INFO o.s.w.c.ContextLoader [main] Root WebApplicationContext: initialization completed in 1613 ms
2020-01-08 16:05:09,434 INFO o.s.s.c.ThreadPoolTaskExecutor [main] Initializing ExecutorService 'applicationTaskExecutor'
2020-01-08 16:05:09,697 INFO o.a.c.h.Http11NioProtocol [main] Starting ProtocolHandler ["http-nio-9797"]
2020-01-08 16:05:09,721 INFO o.s.b.w.e.t.TomcatWebServer [main] Tomcat started on port(s): 9797 (http) with context path ''
2020-01-08 16:05:09,724 INFO c.b.b.BackEndBetStatApplication [main] Started BackEndBetStatApplication in 2.75 seconds (JVM running for 6.389)
2020-01-08 16:05:13,367 INFO o.a.c.c.C.[.[.[/] [http-nio-9797-exec-1] Initializing Spring DispatcherServlet 'dispatcherServlet'
2020-01-08 16:05:13,367 INFO o.s.w.s.DispatcherServlet [http-nio-9797-exec-1] Initializing Servlet 'dispatcherServlet'
2020-01-08 16:05:13,390 INFO o.s.w.s.DispatcherServlet [http-nio-9797-exec-1] Completed initialization in 23 ms
2020-01-08 16:14:07,440 INFO o.s.b.a.SpringApplicationAdminMXBeanRegistrar$SpringApplicationAdmin [RMI TCP Connection(18)-127.0.0.1] Application shutdown requested.
2020-01-08 16:14:07,443 INFO o.s.s.c.ThreadPoolTaskExecutor [RMI TCP Connection(18)-127.0.0.1] Shutting down ExecutorService 'applicationTaskExecutor'
2020-01-08 16:14:14,160 INFO c.b.b.BackEndBetStatApplication [main] Prova
2020-01-08 16:14:14,456 INFO c.b.b.BackEndBetStatApplication [main] Starting BackEndBetStatApplication on PC-Carlucci-Altanet with PID 704 (C:\Users\nicol\OneDrive\Desktop\workspaces\BetStat\BackEndBetStat\target\classes started by Nicola in C:\Users\nicol\OneDrive\Desktop\workspaces\BetStat\BackEndBetStat)
2020-01-08 16:14:14,458 INFO c.b.b.BackEndBetStatApplication [main] No active profile set, falling back to default profiles: default
2020-01-08 16:14:15,145 INFO o.s.c.s.PostProcessorRegistrationDelegate$BeanPostProcessorChecker [main] Bean 'org.springframework.hateoas.config.HateoasConfiguration' of type [org.springframework.hateoas.config.HateoasConfiguration$$EnhancerBySpringCGLIB$$a3436214] is not eligible for getting processed by all BeanPostProcessors (for example: not eligible for auto-proxying)
2020-01-08 16:14:15,162 INFO o.s.c.s.PostProcessorRegistrationDelegate$BeanPostProcessorChecker [main] Bean 'relProviderPluginRegistry' of type [org.springframework.plugin.core.support.PluginRegistryFactoryBean] is not eligible for getting processed by all BeanPostProcessors (for example: not eligible for auto-proxying)
2020-01-08 16:14:15,165 INFO o.s.c.s.PostProcessorRegistrationDelegate$BeanPostProcessorChecker [main] Bean 'relProviderPluginRegistry' of type [org.springframework.plugin.core.OrderAwarePluginRegistry] is not eligible for getting processed by all BeanPostProcessors (for example: not eligible for auto-proxying)
2020-01-08 16:14:15,168 INFO o.s.c.s.PostProcessorRegistrationDelegate$BeanPostProcessorChecker [main] Bean '_relProvider' of type [org.springframework.hateoas.server.core.DelegatingLinkRelationProvider] is not eligible for getting processed by all BeanPostProcessors (for example: not eligible for auto-proxying)
2020-01-08 16:14:15,173 INFO o.s.c.s.PostProcessorRegistrationDelegate$BeanPostProcessorChecker [main] Bean 'messageResolver' of type [org.springframework.hateoas.mediatype.MessageSourceResolver] is not eligible for getting processed by all BeanPostProcessors (for example: not eligible for auto-proxying)
2020-01-08 16:14:15,175 INFO o.s.c.s.PostProcessorRegistrationDelegate$BeanPostProcessorChecker [main] Bean 'org.springframework.hateoas.mediatype.hal.HalMediaTypeConfiguration' of type [org.springframework.hateoas.mediatype.hal.HalMediaTypeConfiguration$$EnhancerBySpringCGLIB$$fd37f0e9] is not eligible for getting processed by all BeanPostProcessors (for example: not eligible for auto-proxying)
2020-01-08 16:14:15,179 INFO o.s.c.s.PostProcessorRegistrationDelegate$BeanPostProcessorChecker [main] Bean 'org.springframework.boot.autoconfigure.jackson.JacksonAutoConfiguration$JacksonObjectMapperConfiguration' of type [org.springframework.boot.autoconfigure.jackson.JacksonAutoConfiguration$JacksonObjectMapperConfiguration] is not eligible for getting processed by all BeanPostProcessors (for example: not eligible for auto-proxying)
2020-01-08 16:14:15,180 INFO o.s.c.s.PostProcessorRegistrationDelegate$BeanPostProcessorChecker [main] Bean 'org.springframework.boot.autoconfigure.jackson.JacksonAutoConfiguration$JacksonObjectMapperBuilderConfiguration' of type [org.springframework.boot.autoconfigure.jackson.JacksonAutoConfiguration$JacksonObjectMapperBuilderConfiguration] is not eligible for getting processed by all BeanPostProcessors (for example: not eligible for auto-proxying)
2020-01-08 16:14:15,182 INFO o.s.c.s.PostProcessorRegistrationDelegate$BeanPostProcessorChecker [main] Bean 'org.springframework.boot.autoconfigure.jackson.JacksonAutoConfiguration$Jackson2ObjectMapperBuilderCustomizerConfiguration' of type [org.springframework.boot.autoconfigure.jackson.JacksonAutoConfiguration$Jackson2ObjectMapperBuilderCustomizerConfiguration] is not eligible for getting processed by all BeanPostProcessors (for example: not eligible for auto-proxying)
2020-01-08 16:14:15,198 INFO o.s.c.s.PostProcessorRegistrationDelegate$BeanPostProcessorChecker [main] Bean 'spring.jackson-org.springframework.boot.autoconfigure.jackson.JacksonProperties' of type [org.springframework.boot.autoconfigure.jackson.JacksonProperties] is not eligible for getting processed by all BeanPostProcessors (for example: not eligible for auto-proxying)
2020-01-08 16:14:15,199 INFO o.s.c.s.PostProcessorRegistrationDelegate$BeanPostProcessorChecker [main] Bean 'standardJacksonObjectMapperBuilderCustomizer' of type [org.springframework.boot.autoconfigure.jackson.JacksonAutoConfiguration$Jackson2ObjectMapperBuilderCustomizerConfiguration$StandardJackson2ObjectMapperBuilderCustomizer] is not eligible for getting processed by all BeanPostProcessors (for example: not eligible for auto-proxying)
2020-01-08 16:14:15,202 INFO o.s.c.s.PostProcessorRegistrationDelegate$BeanPostProcessorChecker [main] Bean 'org.springframework.boot.autoconfigure.jackson.JacksonAutoConfiguration$ParameterNamesModuleConfiguration' of type [org.springframework.boot.autoconfigure.jackson.JacksonAutoConfiguration$ParameterNamesModuleConfiguration] is not eligible for getting processed by all BeanPostProcessors (for example: not eligible for auto-proxying)
2020-01-08 16:14:15,206 INFO o.s.c.s.PostProcessorRegistrationDelegate$BeanPostProcessorChecker [main] Bean 'parameterNamesModule' of type [com.fasterxml.jackson.module.paramnames.ParameterNamesModule] is not eligible for getting processed by all BeanPostProcessors (for example: not eligible for auto-proxying)
2020-01-08 16:14:15,207 INFO o.s.c.s.PostProcessorRegistrationDelegate$BeanPostProcessorChecker [main] Bean 'org.springframework.boot.autoconfigure.jackson.JacksonAutoConfiguration' of type [org.springframework.boot.autoconfigure.jackson.JacksonAutoConfiguration] is not eligible for getting processed by all BeanPostProcessors (for example: not eligible for auto-proxying)
2020-01-08 16:14:15,215 INFO o.s.c.s.PostProcessorRegistrationDelegate$BeanPostProcessorChecker [main] Bean 'jsonComponentModule' of type [org.springframework.boot.jackson.JsonComponentModule] is not eligible for getting processed by all BeanPostProcessors (for example: not eligible for auto-proxying)
2020-01-08 16:14:15,215 INFO o.s.c.s.PostProcessorRegistrationDelegate$BeanPostProcessorChecker [main] Bean 'org.springframework.data.web.config.SpringDataJacksonConfiguration' of type [org.springframework.data.web.config.SpringDataJacksonConfiguration] is not eligible for getting processed by all BeanPostProcessors (for example: not eligible for auto-proxying)
2020-01-08 16:14:15,218 INFO o.s.c.s.PostProcessorRegistrationDelegate$BeanPostProcessorChecker [main] Bean 'jacksonGeoModule' of type [org.springframework.data.geo.GeoModule] is not eligible for getting processed by all BeanPostProcessors (for example: not eligible for auto-proxying)
2020-01-08 16:14:15,220 INFO o.s.c.s.PostProcessorRegistrationDelegate$BeanPostProcessorChecker [main] Bean 'jacksonObjectMapperBuilder' of type [org.springframework.http.converter.json.Jackson2ObjectMapperBuilder] is not eligible for getting processed by all BeanPostProcessors (for example: not eligible for auto-proxying)
2020-01-08 16:14:15,234 INFO o.s.c.s.PostProcessorRegistrationDelegate$BeanPostProcessorChecker [main] Bean 'jacksonObjectMapper' of type [com.fasterxml.jackson.databind.ObjectMapper] is not eligible for getting processed by all BeanPostProcessors (for example: not eligible for auto-proxying)
2020-01-08 16:14:15,259 INFO o.s.c.s.PostProcessorRegistrationDelegate$BeanPostProcessorChecker [main] Bean 'hypermediaWebMvcConverters' of type [org.springframework.hateoas.config.WebConverters] is not eligible for getting processed by all BeanPostProcessors (for example: not eligible for auto-proxying)
2020-01-08 16:14:15,500 INFO o.s.b.w.e.t.TomcatWebServer [main] Tomcat initialized with port(s): 9797 (http)
2020-01-08 16:14:15,508 INFO o.a.c.h.Http11NioProtocol [main] Initializing ProtocolHandler ["http-nio-9797"]
2020-01-08 16:14:15,509 INFO o.a.c.c.StandardService [main] Starting service [Tomcat]
2020-01-08 16:14:15,509 INFO o.a.c.c.StandardEngine [main] Starting Servlet engine: [Apache Tomcat/9.0.29]
2020-01-08 16:14:15,659 INFO o.a.c.c.C.[.[.[/] [main] Initializing Spring embedded WebApplicationContext
2020-01-08 16:14:15,659 INFO o.s.w.c.ContextLoader [main] Root WebApplicationContext: initialization completed in 1173 ms
2020-01-08 16:14:16,126 INFO o.s.s.c.ThreadPoolTaskExecutor [main] Initializing ExecutorService 'applicationTaskExecutor'
2020-01-08 16:14:16,493 INFO o.a.c.h.Http11NioProtocol [main] Starting ProtocolHandler ["http-nio-9797"]
2020-01-08 16:14:16,514 INFO o.s.b.w.e.t.TomcatWebServer [main] Tomcat started on port(s): 9797 (http) with context path ''
2020-01-08 16:14:16,517 INFO c.b.b.BackEndBetStatApplication [main] Started BackEndBetStatApplication in 2.305 seconds (JVM running for 5.515)
2020-01-08 16:14:39,501 INFO o.a.c.c.C.[.[.[/] [http-nio-9797-exec-1] Initializing Spring DispatcherServlet 'dispatcherServlet'
2020-01-08 16:14:39,501 INFO o.s.w.s.DispatcherServlet [http-nio-9797-exec-1] Initializing Servlet 'dispatcherServlet'
2020-01-08 16:14:39,518 INFO o.s.w.s.DispatcherServlet [http-nio-9797-exec-1] Completed initialization in 16 ms
2020-01-08 16:16:44,537 INFO o.s.b.a.SpringApplicationAdminMXBeanRegistrar$SpringApplicationAdmin [RMI TCP Connection(12)-127.0.0.1] Application shutdown requested.
2020-01-08 16:16:44,540 INFO o.s.s.c.ThreadPoolTaskExecutor [RMI TCP Connection(12)-127.0.0.1] Shutting down ExecutorService 'applicationTaskExecutor'
2020-01-08 16:16:51,525 INFO c.b.b.BackEndBetStatApplication [main] Prova
2020-01-08 16:16:51,817 INFO c.b.b.BackEndBetStatApplication [main] Starting BackEndBetStatApplication on PC-Carlucci-Altanet with PID 21280 (C:\Users\nicol\OneDrive\Desktop\workspaces\BetStat\BackEndBetStat\target\classes started by Nicola in C:\Users\nicol\OneDrive\Desktop\workspaces\BetStat\BackEndBetStat)
2020-01-08 16:16:51,820 INFO c.b.b.BackEndBetStatApplication [main] No active profile set, falling back to default profiles: default
2020-01-08 16:16:52,397 INFO o.s.c.s.PostProcessorRegistrationDelegate$BeanPostProcessorChecker [main] Bean 'org.springframework.hateoas.config.HateoasConfiguration' of type [org.springframework.hateoas.config.HateoasConfiguration$$EnhancerBySpringCGLIB$$e415b5ac] is not eligible for getting processed by all BeanPostProcessors (for example: not eligible for auto-proxying)
2020-01-08 16:16:52,408 INFO o.s.c.s.PostProcessorRegistrationDelegate$BeanPostProcessorChecker [main] Bean 'relProviderPluginRegistry' of type [org.springframework.plugin.core.support.PluginRegistryFactoryBean] is not eligible for getting processed by all BeanPostProcessors (for example: not eligible for auto-proxying)
2020-01-08 16:16:52,410 INFO o.s.c.s.PostProcessorRegistrationDelegate$BeanPostProcessorChecker [main] Bean 'relProviderPluginRegistry' of type [org.springframework.plugin.core.OrderAwarePluginRegistry] is not eligible for getting processed by all BeanPostProcessors (for example: not eligible for auto-proxying)
2020-01-08 16:16:52,412 INFO o.s.c.s.PostProcessorRegistrationDelegate$BeanPostProcessorChecker [main] Bean '_relProvider' of type [org.springframework.hateoas.server.core.DelegatingLinkRelationProvider] is not eligible for getting processed by all BeanPostProcessors (for example: not eligible for auto-proxying)
2020-01-08 16:16:52,415 INFO o.s.c.s.PostProcessorRegistrationDelegate$BeanPostProcessorChecker [main] Bean 'messageResolver' of type [org.springframework.hateoas.mediatype.MessageSourceResolver] is not eligible for getting processed by all BeanPostProcessors (for example: not eligible for auto-proxying)
2020-01-08 16:16:52,416 INFO o.s.c.s.PostProcessorRegistrationDelegate$BeanPostProcessorChecker [main] Bean 'org.springframework.hateoas.mediatype.hal.HalMediaTypeConfiguration' of type [org.springframework.hateoas.mediatype.hal.HalMediaTypeConfiguration$$EnhancerBySpringCGLIB$$3e0a4481] is not eligible for getting processed by all BeanPostProcessors (for example: not eligible for auto-proxying)
2020-01-08 16:16:52,419 INFO o.s.c.s.PostProcessorRegistrationDelegate$BeanPostProcessorChecker [main] Bean 'org.springframework.boot.autoconfigure.jackson.JacksonAutoConfiguration$JacksonObjectMapperConfiguration' of type [org.springframework.boot.autoconfigure.jackson.JacksonAutoConfiguration$JacksonObjectMapperConfiguration] is not eligible for getting processed by all BeanPostProcessors (for example: not eligible for auto-proxying)
2020-01-08 16:16:52,419 INFO o.s.c.s.PostProcessorRegistrationDelegate$BeanPostProcessorChecker [main] Bean 'org.springframework.boot.autoconfigure.jackson.JacksonAutoConfiguration$JacksonObjectMapperBuilderConfiguration' of type [org.springframework.boot.autoconfigure.jackson.JacksonAutoConfiguration$JacksonObjectMapperBuilderConfiguration] is not eligible for getting processed by all BeanPostProcessors (for example: not eligible for auto-proxying)
2020-01-08 16:16:52,420 INFO o.s.c.s.PostProcessorRegistrationDelegate$BeanPostProcessorChecker [main] Bean 'org.springframework.boot.autoconfigure.jackson.JacksonAutoConfiguration$Jackson2ObjectMapperBuilderCustomizerConfiguration' of type [org.springframework.boot.autoconfigure.jackson.JacksonAutoConfiguration$Jackson2ObjectMapperBuilderCustomizerConfiguration] is not eligible for getting processed by all BeanPostProcessors (for example: not eligible for auto-proxying)
2020-01-08 16:16:52,430 INFO o.s.c.s.PostProcessorRegistrationDelegate$BeanPostProcessorChecker [main] Bean 'spring.jackson-org.springframework.boot.autoconfigure.jackson.JacksonProperties' of type [org.springframework.boot.autoconfigure.jackson.JacksonProperties] is not eligible for getting processed by all BeanPostProcessors (for example: not eligible for auto-proxying)
2020-01-08 16:16:52,430 INFO o.s.c.s.PostProcessorRegistrationDelegate$BeanPostProcessorChecker [main] Bean 'standardJacksonObjectMapperBuilderCustomizer' of type [org.springframework.boot.autoconfigure.jackson.JacksonAutoConfiguration$Jackson2ObjectMapperBuilderCustomizerConfiguration$StandardJackson2ObjectMapperBuilderCustomizer] is not eligible for getting processed by all BeanPostProcessors (for example: not eligible for auto-proxying)
2020-01-08 16:16:52,432 INFO o.s.c.s.PostProcessorRegistrationDelegate$BeanPostProcessorChecker [main] Bean 'org.springframework.boot.autoconfigure.jackson.JacksonAutoConfiguration$ParameterNamesModuleConfiguration' of type [org.springframework.boot.autoconfigure.jackson.JacksonAutoConfiguration$ParameterNamesModuleConfiguration] is not eligible for getting processed by all BeanPostProcessors (for example: not eligible for auto-proxying)
2020-01-08 16:16:52,434 INFO o.s.c.s.PostProcessorRegistrationDelegate$BeanPostProcessorChecker [main] Bean 'parameterNamesModule' of type [com.fasterxml.jackson.module.paramnames.ParameterNamesModule] is not eligible for getting processed by all BeanPostProcessors (for example: not eligible for auto-proxying)
2020-01-08 16:16:52,434 INFO o.s.c.s.PostProcessorRegistrationDelegate$BeanPostProcessorChecker [main] Bean 'org.springframework.boot.autoconfigure.jackson.JacksonAutoConfiguration' of type [org.springframework.boot.autoconfigure.jackson.JacksonAutoConfiguration] is not eligible for getting processed by all BeanPostProcessors (for example: not eligible for auto-proxying)
2020-01-08 16:16:52,440 INFO o.s.c.s.PostProcessorRegistrationDelegate$BeanPostProcessorChecker [main] Bean 'jsonComponentModule' of type [org.springframework.boot.jackson.JsonComponentModule] is not eligible for getting processed by all BeanPostProcessors (for example: not eligible for auto-proxying)
2020-01-08 16:16:52,440 INFO o.s.c.s.PostProcessorRegistrationDelegate$BeanPostProcessorChecker [main] Bean 'org.springframework.data.web.config.SpringDataJacksonConfiguration' of type [org.springframework.data.web.config.SpringDataJacksonConfiguration] is not eligible for getting processed by all BeanPostProcessors (for example: not eligible for auto-proxying)
2020-01-08 16:16:52,442 INFO o.s.c.s.PostProcessorRegistrationDelegate$BeanPostProcessorChecker [main] Bean 'jacksonGeoModule' of type [org.springframework.data.geo.GeoModule] is not eligible for getting processed by all BeanPostProcessors (for example: not eligible for auto-proxying)
2020-01-08 16:16:52,444 INFO o.s.c.s.PostProcessorRegistrationDelegate$BeanPostProcessorChecker [main] Bean 'jacksonObjectMapperBuilder' of type [org.springframework.http.converter.json.Jackson2ObjectMapperBuilder] is not eligible for getting processed by all BeanPostProcessors (for example: not eligible for auto-proxying)
2020-01-08 16:16:52,455 INFO o.s.c.s.PostProcessorRegistrationDelegate$BeanPostProcessorChecker [main] Bean 'jacksonObjectMapper' of type [com.fasterxml.jackson.databind.ObjectMapper] is not eligible for getting processed by all BeanPostProcessors (for example: not eligible for auto-proxying)
2020-01-08 16:16:52,474 INFO o.s.c.s.PostProcessorRegistrationDelegate$BeanPostProcessorChecker [main] Bean 'hypermediaWebMvcConverters' of type [org.springframework.hateoas.config.WebConverters] is not eligible for getting processed by all BeanPostProcessors (for example: not eligible for auto-proxying)
2020-01-08 16:16:52,660 INFO o.s.b.w.e.t.TomcatWebServer [main] Tomcat initialized with port(s): 9797 (http)
2020-01-08 16:16:52,666 INFO o.a.c.h.Http11NioProtocol [main] Initializing ProtocolHandler ["http-nio-9797"]
2020-01-08 16:16:52,666 INFO o.a.c.c.StandardService [main] Starting service [Tomcat]
2020-01-08 16:16:52,667 INFO o.a.c.c.StandardEngine [main] Starting Servlet engine: [Apache Tomcat/9.0.29]
2020-01-08 16:16:52,777 INFO o.a.c.c.C.[.[.[/] [main] Initializing Spring embedded WebApplicationContext
2020-01-08 16:16:52,778 INFO o.s.w.c.ContextLoader [main] Root WebApplicationContext: initialization completed in 931 ms
2020-01-08 16:16:53,126 INFO o.s.s.c.ThreadPoolTaskExecutor [main] Initializing ExecutorService 'applicationTaskExecutor'
2020-01-08 16:16:53,368 INFO o.a.c.h.Http11NioProtocol [main] Starting ProtocolHandler ["http-nio-9797"]
2020-01-08 16:16:53,392 INFO o.s.b.w.e.t.TomcatWebServer [main] Tomcat started on port(s): 9797 (http) with context path ''
2020-01-08 16:16:53,394 INFO c.b.b.BackEndBetStatApplication [main] Started BackEndBetStatApplication in 1.817 seconds (JVM running for 5.484)
2020-01-08 16:17:02,421 INFO o.a.c.c.C.[.[.[/] [http-nio-9797-exec-1] Initializing Spring DispatcherServlet 'dispatcherServlet'
2020-01-08 16:17:02,422 INFO o.s.w.s.DispatcherServlet [http-nio-9797-exec-1] Initializing Servlet 'dispatcherServlet'
2020-01-08 16:17:02,440 INFO o.s.w.s.DispatcherServlet [http-nio-9797-exec-1] Completed initialization in 18 ms
2020-01-08 17:18:13,522 INFO o.s.b.a.SpringApplicationAdminMXBeanRegistrar$SpringApplicationAdmin [RMI TCP Connection(70)-127.0.0.1] Application shutdown requested.
2020-01-08 17:18:13,533 INFO o.s.s.c.ThreadPoolTaskExecutor [RMI TCP Connection(70)-127.0.0.1] Shutting down ExecutorService 'applicationTaskExecutor'
